<?xml version="1.0" encoding="UTF-8"?>
<!-- Generated by org.testng.reporters.JUnitXMLReporter -->
<testsuite ignored="0" hostname="SmitaMahajan" failures="0" tests="3" name="Test-1" time="91.987" errors="0" timestamp="2024-12-18T11:57:31 IST">
  <testcase classname="com.comcast.crm.contacttestwithtestng.CreateContactTest" name="CreateContactTest" time="14.501"/>
  <testcase classname="com.comcast.crm.contacttestwithtestng.CreateContactTest" name="createContactWithOrgTest" time="31.084"/>
  <testcase classname="com.comcast.crm.contacttestwithtestng.CreateContactTest" name="createContactWithSupportDateTest" time="19.255"/>
</testsuite> <!-- Test-1 -->
