<?xml version="1.0" encoding="UTF-8"?>
<!-- Generated by org.testng.reporters.JUnitXMLReporter -->
<testsuite ignored="0" hostname="SmitaMahajan" failures="0" tests="3" name="Test-2" time="72.812" errors="0" timestamp="2024-12-18T11:57:12 IST">
  <testcase classname="com.comcast.crm.orgtestwithtestng.CreateOrgTest" name="createOrgTest" time="14.614"/>
  <testcase classname="com.comcast.crm.orgtestwithtestng.CreateOrgTest" name="createOrgWithIndustry" time="14.486"/>
  <testcase classname="com.comcast.crm.orgtestwithtestng.CreateOrgTest" name="createOrgWithPhoneNumber" time="16.214"/>
</testsuite> <!-- Test-2 -->
