<?xml version="1.0" encoding="UTF-8"?>
<!-- Generated by org.testng.reporters.JUnitReportReporter -->
<testsuite hostname="SmitaMahajan" failures="0" tests="3" name="com.comcast.crm.orgtestwithtestng.CreateOrgTest" time="59.235" errors="0" timestamp="2024-12-27T16:54:39 IST" skipped="0">
  <testcase classname="com.comcast.crm.orgtestwithtestng.CreateOrgTest" name="createOrgWithPhoneNumber" time="20.237"/>
  <system-out/>
  <testcase classname="com.comcast.crm.orgtestwithtestng.CreateOrgTest" name="createOrgTest" time="19.010"/>
  <system-out/>
  <testcase classname="com.comcast.crm.orgtestwithtestng.CreateOrgTest" name="createOrgWithIndustry" time="19.988"/>
  <system-out/>
</testsuite> <!-- com.comcast.crm.orgtestwithtestng.CreateOrgTest -->
