<?xml version="1.0" encoding="UTF-8"?>
<!-- Generated by org.testng.reporters.JUnitReportReporter -->
<testsuite hostname="SmitaMahajan" failures="0" tests="3" name="com.comcast.crm.contact_with_assert_test.CreateContactTest" time="77.460" errors="0" timestamp="2024-12-19T10:15:39 IST" skipped="0">
  <testcase classname="com.comcast.crm.contact_with_assert_test.CreateContactTest" name="createContactWithSupportDateTest" time="25.941"/>
  <testcase classname="com.comcast.crm.contact_with_assert_test.CreateContactTest" name="CreateContactTest" time="19.772"/>
  <testcase classname="com.comcast.crm.contact_with_assert_test.CreateContactTest" name="createContactWithOrgTest" time="31.747"/>
</testsuite> <!-- com.comcast.crm.contact_with_assert_test.CreateContactTest -->
