<?xml version="1.0" encoding="UTF-8"?>
<!-- Generated by org.testng.reporters.JUnitReportReporter -->
<testsuite hostname="SmitaMahajan" failures="0" tests="3" name="com.comcast.crm.contacttestwithtestng.CreateContactTest" time="77.258" errors="0" timestamp="2024-12-27T16:54:39 IST" skipped="0">
  <testcase classname="com.comcast.crm.contacttestwithtestng.CreateContactTest" name="createContactWithSupportDateTest" time="25.378"/>
  <system-out/>
  <testcase classname="com.comcast.crm.contacttestwithtestng.CreateContactTest" name="createContactWithOrgTest" time="32.759"/>
  <system-out/>
  <testcase classname="com.comcast.crm.contacttestwithtestng.CreateContactTest" name="CreateContactTest" time="19.121"/>
  <system-out/>
</testsuite> <!-- com.comcast.crm.contacttestwithtestng.CreateContactTest -->
