<?xml version="1.0" encoding="UTF-8"?>
<!-- Generated by org.testng.reporters.JUnitReportReporter -->
<testsuite hostname="SmitaMahajan" failures="0" tests="1" name="com.comcast.crm.contacttestwithtestng.date11" time="20.519" errors="0" timestamp="2024-12-17T14:49:37 IST" skipped="0">
  <testcase classname="com.comcast.crm.contacttestwithtestng.date11" name="createContactWithSupportDateTest" time="20.519"/>
</testsuite> <!-- com.comcast.crm.contacttestwithtestng.date11 -->
