<?xml version="1.0" encoding="UTF-8"?>
<!-- Generated by org.testng.reporters.JUnitReportReporter -->
<testsuite hostname="SmitaMahajan" failures="0" tests="4" name="com.comcast.crm.practicetestng.GetProductInfoTest" time="41.631" errors="0" timestamp="2024-12-16T13:37:01 IST" skipped="0">
  <testcase classname="com.comcast.crm.practicetestng.GetProductInfoTest" name="getProductInfoTest" time="5.555"/>
  <testcase classname="com.comcast.crm.practicetestng.GetProductInfoTest" name="getProductInfoTest" time="5.527"/>
  <testcase classname="com.comcast.crm.practicetestng.GetProductInfoTest" name="getProductInfoTest" time="5.805"/>
  <testcase classname="com.comcast.crm.practicetestng.GetProductInfoTest" name="getProductInfoTest" time="24.744"/>
</testsuite> <!-- com.comcast.crm.practicetestng.GetProductInfoTest -->
